<?xml version="1.0" encoding="UTF-8"?>
<!-- Generated by org.testng.reporters.JUnitReportReporter -->
<testsuite hostname="DESKTOP-RV76CN4" failures="0" tests="1" name="Featuredefs.featuredefss" time="18.648" errors="0" timestamp="2020-11-25T17:13:19 PKT" skipped="0">
  <testcase classname="Featuredefs.featuredefss" name="feature" time="18.648"/>
  <system-out/>
</testsuite> <!-- Featuredefs.featuredefss -->
