<?xml version="1.0" encoding="UTF-8"?>
<!-- Generated by org.testng.reporters.JUnitReportReporter -->
<testsuite hostname="DESKTOP-RV76CN4" failures="0" tests="1" name="runner.runnerr2" time="81.826" errors="0" timestamp="2020-11-26T14:39:20 PKT" skipped="0">
  <testcase classname="runner.runnerr2" name="feature" time="81.826"/>
  <system-out/>
</testsuite> <!-- runner.runnerr2 -->
