<?xml version="1.0" encoding="UTF-8"?>
<!-- Generated by org.testng.reporters.JUnitReportReporter -->
<testsuite hostname="DESKTOP-RV76CN4" failures="0" tests="1" name="Methods.Methodss" time="19.407" errors="0" timestamp="2020-11-25T18:18:06 PKT" skipped="0">
  <testcase classname="Methods.Methodss" name="feature" time="19.407"/>
  <system-out/>
</testsuite> <!-- Methods.Methodss -->
