<?xml version="1.0" encoding="UTF-8"?>
<!-- Generated by org.testng.reporters.JUnitReportReporter -->
<testsuite hostname="DESKTOP-RV76CN4" failures="0" tests="1" name="runner.runnerr" time="47.562" errors="0" timestamp="2020-11-26T14:40:22 PKT" skipped="0">
  <testcase classname="runner.runnerr" name="feature" time="47.562"/>
  <system-out/>
</testsuite> <!-- runner.runnerr -->
